<?xml version="1.0" encoding="UTF-8"?>
<testng-results ignored="0" total="1" passed="1" failed="0" skipped="0">
  <reporter-output>
  </reporter-output>
  <suite started-at="2022-05-19T21:00:16 IST" name="Default suite" finished-at="2022-05-19T21:00:25 IST" duration-ms="8165">
    <groups>
    </groups>
    <test started-at="2022-05-19T21:00:16 IST" name="Default test" finished-at="2022-05-19T21:00:25 IST" duration-ms="8165">
      <class name="com.testcases.LoginTestCase">
        <test-method signature="login()[pri:0, instance:com.testcases.LoginTestCase@4d0f2471]" started-at="2022-05-19T21:00:17 IST" name="login" finished-at="2022-05-19T21:00:25 IST" duration-ms="8130" status="PASS">
          <reporter-output>
          </reporter-output>
        </test-method> <!-- login -->
      </class> <!-- com.testcases.LoginTestCase -->
    </test> <!-- Default test -->
  </suite> <!-- Default suite -->
</testng-results>
